<?xml version="1.0" encoding="UTF-8" ?>
<testsuite tests="65" failures="0" name="fred.JQueryTest" time="9.141" errors="0" skipped="0">
  <properties>
    <property name="java.runtime.name" value="Java(TM) SE Runtime Environment"/>
    <property name="sun.boot.library.path" value="C:\jdk1.8.0_25\jre\bin"/>
    <property name="java.vm.version" value="25.25-b02"/>
    <property name="java.vm.vendor" value="Oracle Corporation"/>
    <property name="maven.multiModuleProjectDirectory" value="C:\Users\e262364\workspace\javafx"/>
    <property name="java.vendor.url" value="http://java.oracle.com/"/>
    <property name="path.separator" value=";"/>
    <property name="guice.disable.misplaced.annotation.check" value="true"/>
    <property name="java.vm.name" value="Java HotSpot(TM) 64-Bit Server VM"/>
    <property name="file.encoding.pkg" value="sun.io"/>
    <property name="user.script" value=""/>
    <property name="user.country" value="AU"/>
    <property name="sun.java.launcher" value="SUN_STANDARD"/>
    <property name="sun.os.patch.level" value="Service Pack 1"/>
    <property name="java.vm.specification.name" value="Java Virtual Machine Specification"/>
    <property name="user.dir" value="C:\Users\e262364\workspace\javafx"/>
    <property name="java.runtime.version" value="1.8.0_25-b18"/>
    <property name="java.awt.graphicsenv" value="sun.awt.Win32GraphicsEnvironment"/>
    <property name="java.endorsed.dirs" value="C:\jdk1.8.0_25\jre\lib\endorsed"/>
    <property name="os.arch" value="amd64"/>
    <property name="java.io.tmpdir" value="C:\Users\e262364\AppData\Local\Temp\"/>
    <property name="line.separator" value="
"/>
    <property name="java.vm.specification.vendor" value="Oracle Corporation"/>
    <property name="user.variant" value=""/>
    <property name="os.name" value="Windows 7"/>
    <property name="classworlds.conf" value="C:\Users\e262364\workspace\.metadata\.plugins\org.eclipse.m2e.launching\launches\m2conf2837041559225250742.tmp"/>
    <property name="sun.jnu.encoding" value="Cp1252"/>
    <property name="java.library.path" value="C:\jdk1.8.0_25\bin;C:\WINDOWS\Sun\Java\bin;C:\WINDOWS\system32;C:\WINDOWS;C:/Program Files/Java/jre8/bin/server;C:/Program Files/Java/jre8/bin;C:/Program Files/Java/jre8/lib/amd64;C:\ProgramData\Oracle\Java\javapath;C:\Program Files (x86)\gs\gs8.62\lib;C:\Program Files (x86)\gs\gs8.62\bin;C:\WINDOWS\system32;C:\WINDOWS;C:\WINDOWS\System32\Wbem;C:\WINDOWS\System32\WindowsPowerShell\v1.0\;C:\WINDOWS\System32\WindowsPowerShell\v1.0\;C:\DSM\Script;C:\atlassian-plugin-sdk-5.1.1\bin;C:\eclipse-java-mars-1-win32-x86_64;;."/>
    <property name="java.specification.name" value="Java Platform API Specification"/>
    <property name="java.class.version" value="52.0"/>
    <property name="sun.management.compiler" value="HotSpot 64-Bit Tiered Compilers"/>
    <property name="os.version" value="6.1"/>
    <property name="user.home" value="C:\Users\e262364"/>
    <property name="user.timezone" value="Australia/Adelaide"/>
    <property name="java.awt.printerjob" value="sun.awt.windows.WPrinterJob"/>
    <property name="java.specification.version" value="1.8"/>
    <property name="file.encoding" value="Cp1252"/>
    <property name="user.name" value="e262364"/>
    <property name="java.class.path" value="/C:/eclipse-java-mars-1-win32-x86_64/plugins/org.eclipse.m2e.maven.runtime_1.6.2.20150902-0001/jars/plexus-classworlds-2.5.2.jar"/>
    <property name="java.vm.specification.version" value="1.8"/>
    <property name="sun.arch.data.model" value="64"/>
    <property name="java.home" value="C:\jdk1.8.0_25\jre"/>
    <property name="sun.java.command" value="org.codehaus.plexus.classworlds.launcher.Launcher -B install"/>
    <property name="java.specification.vendor" value="Oracle Corporation"/>
    <property name="user.language" value="en"/>
    <property name="awt.toolkit" value="sun.awt.windows.WToolkit"/>
    <property name="java.vm.info" value="mixed mode"/>
    <property name="java.version" value="1.8.0_25"/>
    <property name="java.ext.dirs" value="C:\jdk1.8.0_25\jre\lib\ext;C:\WINDOWS\Sun\Java\lib\ext"/>
    <property name="sun.boot.class.path" value="C:\jdk1.8.0_25\jre\lib\resources.jar;C:\jdk1.8.0_25\jre\lib\rt.jar;C:\jdk1.8.0_25\jre\lib\sunrsasign.jar;C:\jdk1.8.0_25\jre\lib\jsse.jar;C:\jdk1.8.0_25\jre\lib\jce.jar;C:\jdk1.8.0_25\jre\lib\charsets.jar;C:\jdk1.8.0_25\jre\lib\jfr.jar;C:\jdk1.8.0_25\jre\classes"/>
    <property name="java.vendor" value="Oracle Corporation"/>
    <property name="maven.home" value="C:\Users\e262364\workspace\javafx\EMBEDDED"/>
    <property name="file.separator" value="\"/>
    <property name="java.vendor.url.bug" value="http://bugreport.sun.com/bugreport/"/>
    <property name="sun.cpu.endian" value="little"/>
    <property name="sun.io.unicode.encoding" value="UnicodeLittle"/>
    <property name="sun.desktop" value="windows"/>
    <property name="sun.cpu.isalist" value="amd64"/>
  </properties>
  <testcase classname="fred.JQueryTest" name="testCssString" time="0.013"/>
  <testcase classname="fred.JQueryTest" name="testUnbindStringEventHandler" time="0.012"/>
  <testcase classname="fred.JQueryTest" name="testFadeToStringDoubleStringVoidFunction" time="0.21"/>
  <testcase classname="fred.JQueryTest" name="testAddClassIntStringStringFunction" time="0.006"/>
  <testcase classname="fred.JQueryTest" name="testAddStringHTMLElement" time="0.02"/>
  <testcase classname="fred.JQueryTest" name="testToArray" time="0"/>
  <testcase classname="fred.JQueryTest" name="testAddBack" time="0"/>
  <testcase classname="fred.JQueryTest" name="testAnimatePlainObjectAnimationOptions" time="0.506"/>
  <testcase classname="fred.JQueryTest" name="testGet" time="0.038"/>
  <testcase classname="fred.JQueryTest" name="testMap" time="0.002"/>
  <testcase classname="fred.JQueryTest" name="testAddClassString" time="0.005"/>
  <testcase classname="fred.JQueryTest" name="testCssStringArray" time="0"/>
  <testcase classname="fred.JQueryTest" name="testAnimatePlainObjectIntString" time="0.002"/>
  <testcase classname="fred.JQueryTest" name="test$HTML" time="0"/>
  <testcase classname="fred.JQueryTest" name="testKeydown" time="0.306"/>
  <testcase classname="fred.JQueryTest" name="testClick" time="0.33"/>
  <testcase classname="fred.JQueryTest" name="testFocus" time="0.388"/>
  <testcase classname="fred.JQueryTest" name="testHover" time="0.3"/>
  <testcase classname="fred.JQueryTest" name="testKeyup" time="0.315"/>
  <testcase classname="fred.JQueryTest" name="testWidth" time="0.013"/>
  <testcase classname="fred.JQueryTest" name="testBlur" time="0.321"/>
  <testcase classname="fred.JQueryTest" name="testEach" time="0.006"/>
  <testcase classname="fred.JQueryTest" name="testGetI" time="0.001"/>
  <testcase classname="fred.JQueryTest" name="testDblclick" time="0.307"/>
  <testcase classname="fred.JQueryTest" name="testFocusin" time="0.311"/>
  <testcase classname="fred.JQueryTest" name="test$HTMLElement" time="0.064"/>
  <testcase classname="fred.JQueryTest" name="testRemoveClassString" time="0.006"/>
  <testcase classname="fred.JQueryTest" name="testRemoveClass" time="0.008"/>
  <testcase classname="fred.JQueryTest" name="testFadeToStringDoubleVoidFunction" time="0.206"/>
  <testcase classname="fred.JQueryTest" name="test$StringJQuery" time="0"/>
  <testcase classname="fred.JQueryTest" name="testContextmenu" time="0.325"/>
  <testcase classname="fred.JQueryTest" name="testAfterJQuery" time="0.092"/>
  <testcase classname="fred.JQueryTest" name="test$Selector" time="0.043"/>
  <testcase classname="fred.JQueryTest" name="testAddHTMLString" time="0"/>
  <testcase classname="fred.JQueryTest" name="test$StringHTMLElement" time="0.001"/>
  <testcase classname="fred.JQueryTest" name="testAfterString" time="0.001"/>
  <testcase classname="fred.JQueryTest" name="testAfterElement" time="0.002"/>
  <testcase classname="fred.JQueryTest" name="testAddHTMLElement" time="0.002"/>
  <testcase classname="fred.JQueryTest" name="test$PlainObject" time="0.002"/>
  <testcase classname="fred.JQueryTest" name="testAnimatePlainObjectIntStringVoidFunction" time="0.509"/>
  <testcase classname="fred.JQueryTest" name="testAddBackString" time="0.036"/>
  <testcase classname="fred.JQueryTest" name="test$" time="0.088"/>
  <testcase classname="fred.JQueryTest" name="testMouseenter" time="0.315"/>
  <testcase classname="fred.JQueryTest" name="testMouseleave" time="0.301"/>
  <testcase classname="fred.JQueryTest" name="testAddJQuery" time="0.001"/>
  <testcase classname="fred.JQueryTest" name="testMouseout" time="0.303"/>
  <testcase classname="fred.JQueryTest" name="testFocusout" time="0.34"/>
  <testcase classname="fred.JQueryTest" name="testMouseup" time="0.293"/>
  <testcase classname="fred.JQueryTest" name="testWidthDouble" time="0.009"/>
  <testcase classname="fred.JQueryTest" name="test$HTMLObject" time="0.035"/>
  <testcase classname="fred.JQueryTest" name="testKeypress" time="0.315"/>
  <testcase classname="fred.JQueryTest" name="testMousedown" time="0.309"/>
  <testcase classname="fred.JQueryTest" name="testMousemove" time="0.306"/>
  <testcase classname="fred.JQueryTest" name="testMouseover" time="0.338"/>
  <testcase classname="fred.JQueryTest" name="testChange" time="0.306"/>
  <testcase classname="fred.JQueryTest" name="testCssPlainObject" time="0.008"/>
  <testcase classname="fred.JQueryTest" name="testDelegateStringStringObjEventHandler" time="0.518"/>
  <testcase classname="fred.JQueryTest" name="testCssStringString" time="0"/>
  <testcase classname="fred.JQueryTest" name="test$VoidFunction" time="0.107"/>
  <testcase classname="fred.JQueryTest" name="testAddSelectorString" time="0"/>
  <testcase classname="fred.JQueryTest" name="test$HTMLElementArray" time="0"/>
  <testcase classname="fred.JQueryTest" name="test$JQuery" time="0"/>
  <testcase classname="fred.JQueryTest" name="testAnimatePlainObjectIntVoidFunction" time="0.504"/>
  <testcase classname="fred.JQueryTest" name="testCssStringIntStringStringFunction" time="0.017"/>
  <testcase classname="fred.JQueryTest" name="testRemoveClassIntStringStringFunction" time="0.019"/>
</testsuite>