<?xml version="1.0" encoding="UTF-8" ?>
<testsuite tests="65" failures="0" name="com.belteshazzar.jquery.JQueryTest" time="8.573" errors="0" skipped="0">
  <properties>
    <property name="java.runtime.name" value="Java(TM) SE Runtime Environment"/>
    <property name="sun.boot.library.path" value="C:\Program Files\Java\jdk1.8.0_66\jre\bin"/>
    <property name="java.vm.version" value="25.66-b18"/>
    <property name="java.vm.vendor" value="Oracle Corporation"/>
    <property name="maven.multiModuleProjectDirectory" value="C:\Users\d\git\jQuery4JavaFX"/>
    <property name="java.vendor.url" value="http://java.oracle.com/"/>
    <property name="path.separator" value=";"/>
    <property name="guice.disable.misplaced.annotation.check" value="true"/>
    <property name="java.vm.name" value="Java HotSpot(TM) 64-Bit Server VM"/>
    <property name="file.encoding.pkg" value="sun.io"/>
    <property name="user.script" value=""/>
    <property name="user.country" value="US"/>
    <property name="sun.java.launcher" value="SUN_STANDARD"/>
    <property name="sun.os.patch.level" value=""/>
    <property name="java.vm.specification.name" value="Java Virtual Machine Specification"/>
    <property name="user.dir" value="C:\Users\d\git\jQuery4JavaFX"/>
    <property name="java.runtime.version" value="1.8.0_66-b18"/>
    <property name="java.awt.graphicsenv" value="sun.awt.Win32GraphicsEnvironment"/>
    <property name="java.endorsed.dirs" value="C:\Program Files\Java\jdk1.8.0_66\jre\lib\endorsed"/>
    <property name="os.arch" value="amd64"/>
    <property name="java.io.tmpdir" value="C:\Users\d\AppData\Local\Temp\"/>
    <property name="line.separator" value="
"/>
    <property name="java.vm.specification.vendor" value="Oracle Corporation"/>
    <property name="user.variant" value=""/>
    <property name="os.name" value="Windows 10"/>
    <property name="classworlds.conf" value="D:\workspace-clean\.metadata\.plugins\org.eclipse.m2e.launching\launches\m2conf1259997967037580987.tmp"/>
    <property name="sun.jnu.encoding" value="Cp1252"/>
    <property name="java.library.path" value="C:\Program Files\Java\jdk1.8.0_66\bin;C:\WINDOWS\Sun\Java\bin;C:\WINDOWS\system32;C:\WINDOWS;C:\Program Files (x86)\EasyPHP-DevServer-14.1VC11\binaries\php\php_runningversion;C:\ProgramData\Oracle\Java\javapath;C:\Program Files (x86)\NVIDIA Corporation\PhysX\Common;C:\Program Files\Common Files\Microsoft Shared\Windows Live;C:\Program Files (x86)\Common Files\Microsoft Shared\Windows Live;C:\WINDOWS\system32;C:\WINDOWS;C:\WINDOWS\System32\Wbem;C:\WINDOWS\System32\WindowsPowerShell\v1.0\;C:\Program Files (x86)\Windows Live\Shared;C:\Program Files\Java\jre7;C:\Program Files\Java\jre7\bin;C:\Program Files\apache-maven-3.0.4\bin;C:\glassfish3\jdk7\jre\bin;C:\Program Files (x86)\GNU\GnuPG\pub;C:\Program Files (x86)\QuickTime\QTSystem\;C:\Program Files\Git\cmd;c:\Program Files (x86)\Google\Chrome\Application\;C:\WINDOWS\system32\config\systemprofile\.dnx\bin;C:\Program Files\Microsoft DNX\Dnvm\;C:\Applications\Atlassian\atlassian-plugin-sdk-6.2.2\bin;."/>
    <property name="java.specification.name" value="Java Platform API Specification"/>
    <property name="java.class.version" value="52.0"/>
    <property name="sun.management.compiler" value="HotSpot 64-Bit Tiered Compilers"/>
    <property name="os.version" value="10.0"/>
    <property name="user.home" value="C:\Users\d"/>
    <property name="user.timezone" value="Australia/Adelaide"/>
    <property name="java.awt.printerjob" value="sun.awt.windows.WPrinterJob"/>
    <property name="java.specification.version" value="1.8"/>
    <property name="file.encoding" value="Cp1252"/>
    <property name="user.name" value="d"/>
    <property name="java.class.path" value="/C:/Program Files/eclipse-jee-mars-1-win32-x86_64/plugins/org.eclipse.m2e.maven.runtime_1.6.2.20150902-0001/jars/plexus-classworlds-2.5.2.jar"/>
    <property name="java.vm.specification.version" value="1.8"/>
    <property name="sun.arch.data.model" value="64"/>
    <property name="java.home" value="C:\Program Files\Java\jdk1.8.0_66\jre"/>
    <property name="sun.java.command" value="org.codehaus.plexus.classworlds.launcher.Launcher -B install"/>
    <property name="java.specification.vendor" value="Oracle Corporation"/>
    <property name="user.language" value="en"/>
    <property name="awt.toolkit" value="sun.awt.windows.WToolkit"/>
    <property name="java.vm.info" value="mixed mode"/>
    <property name="java.version" value="1.8.0_66"/>
    <property name="java.ext.dirs" value="C:\Program Files\Java\jdk1.8.0_66\jre\lib\ext;C:\WINDOWS\Sun\Java\lib\ext"/>
    <property name="sun.boot.class.path" value="C:\Program Files\Java\jdk1.8.0_66\jre\lib\resources.jar;C:\Program Files\Java\jdk1.8.0_66\jre\lib\rt.jar;C:\Program Files\Java\jdk1.8.0_66\jre\lib\sunrsasign.jar;C:\Program Files\Java\jdk1.8.0_66\jre\lib\jsse.jar;C:\Program Files\Java\jdk1.8.0_66\jre\lib\jce.jar;C:\Program Files\Java\jdk1.8.0_66\jre\lib\charsets.jar;C:\Program Files\Java\jdk1.8.0_66\jre\lib\jfr.jar;C:\Program Files\Java\jdk1.8.0_66\jre\classes"/>
    <property name="java.vendor" value="Oracle Corporation"/>
    <property name="maven.home" value="C:\Users\d\git\jQuery4JavaFX\EMBEDDED"/>
    <property name="file.separator" value="\"/>
    <property name="java.vendor.url.bug" value="http://bugreport.sun.com/bugreport/"/>
    <property name="sun.cpu.endian" value="little"/>
    <property name="sun.io.unicode.encoding" value="UnicodeLittle"/>
    <property name="sun.desktop" value="windows"/>
    <property name="sun.cpu.isalist" value="amd64"/>
  </properties>
  <testcase classname="com.belteshazzar.jquery.JQueryTest" name="testCssString" time="0.054"/>
  <testcase classname="com.belteshazzar.jquery.JQueryTest" name="testUnbindStringEventHandler" time="0.009"/>
  <testcase classname="com.belteshazzar.jquery.JQueryTest" name="testFadeToStringDoubleStringVoidFunction" time="0.21"/>
  <testcase classname="com.belteshazzar.jquery.JQueryTest" name="testAddClassIntStringStringFunction" time="0.01"/>
  <testcase classname="com.belteshazzar.jquery.JQueryTest" name="testAddStringHTMLElement" time="0.002"/>
  <testcase classname="com.belteshazzar.jquery.JQueryTest" name="testToArray" time="0.002"/>
  <testcase classname="com.belteshazzar.jquery.JQueryTest" name="testAddBack" time="0.001"/>
  <testcase classname="com.belteshazzar.jquery.JQueryTest" name="testAnimatePlainObjectAnimationOptions" time="0.515"/>
  <testcase classname="com.belteshazzar.jquery.JQueryTest" name="testGet" time="0.008"/>
  <testcase classname="com.belteshazzar.jquery.JQueryTest" name="testMap" time="0.009"/>
  <testcase classname="com.belteshazzar.jquery.JQueryTest" name="testAddClassString" time="0.003"/>
  <testcase classname="com.belteshazzar.jquery.JQueryTest" name="testCssStringArray" time="0.001"/>
  <testcase classname="com.belteshazzar.jquery.JQueryTest" name="testAnimatePlainObjectIntString" time="0.001"/>
  <testcase classname="com.belteshazzar.jquery.JQueryTest" name="test$HTML" time="0.001"/>
  <testcase classname="com.belteshazzar.jquery.JQueryTest" name="testKeydown" time="0.305"/>
  <testcase classname="com.belteshazzar.jquery.JQueryTest" name="testClick" time="0.325"/>
  <testcase classname="com.belteshazzar.jquery.JQueryTest" name="testFocus" time="0.313"/>
  <testcase classname="com.belteshazzar.jquery.JQueryTest" name="testHover" time="0.307"/>
  <testcase classname="com.belteshazzar.jquery.JQueryTest" name="testKeyup" time="0.304"/>
  <testcase classname="com.belteshazzar.jquery.JQueryTest" name="testWidth" time="0.002"/>
  <testcase classname="com.belteshazzar.jquery.JQueryTest" name="testBlur" time="0.304"/>
  <testcase classname="com.belteshazzar.jquery.JQueryTest" name="testEach" time="0.004"/>
  <testcase classname="com.belteshazzar.jquery.JQueryTest" name="testGetI" time="0.001"/>
  <testcase classname="com.belteshazzar.jquery.JQueryTest" name="testDblclick" time="0.304"/>
  <testcase classname="com.belteshazzar.jquery.JQueryTest" name="testFocusin" time="0.305"/>
  <testcase classname="com.belteshazzar.jquery.JQueryTest" name="test$HTMLElement" time="0.006"/>
  <testcase classname="com.belteshazzar.jquery.JQueryTest" name="testRemoveClassString" time="0.003"/>
  <testcase classname="com.belteshazzar.jquery.JQueryTest" name="testRemoveClass" time="0.002"/>
  <testcase classname="com.belteshazzar.jquery.JQueryTest" name="testFadeToStringDoubleVoidFunction" time="0.203"/>
  <testcase classname="com.belteshazzar.jquery.JQueryTest" name="test$StringJQuery" time="0.002"/>
  <testcase classname="com.belteshazzar.jquery.JQueryTest" name="testContextmenu" time="0.305"/>
  <testcase classname="com.belteshazzar.jquery.JQueryTest" name="testAfterJQuery" time="0.005"/>
  <testcase classname="com.belteshazzar.jquery.JQueryTest" name="test$Selector" time="0.001"/>
  <testcase classname="com.belteshazzar.jquery.JQueryTest" name="testAddHTMLString" time="0.009"/>
  <testcase classname="com.belteshazzar.jquery.JQueryTest" name="test$StringHTMLElement" time="0.002"/>
  <testcase classname="com.belteshazzar.jquery.JQueryTest" name="testAfterString" time="0.002"/>
  <testcase classname="com.belteshazzar.jquery.JQueryTest" name="testAfterElement" time="0.002"/>
  <testcase classname="com.belteshazzar.jquery.JQueryTest" name="testAddHTMLElement" time="0.009"/>
  <testcase classname="com.belteshazzar.jquery.JQueryTest" name="test$PlainObject" time="0.002"/>
  <testcase classname="com.belteshazzar.jquery.JQueryTest" name="testAnimatePlainObjectIntStringVoidFunction" time="0.505"/>
  <testcase classname="com.belteshazzar.jquery.JQueryTest" name="testAddBackString" time="0.004"/>
  <testcase classname="com.belteshazzar.jquery.JQueryTest" name="test$" time="0.001"/>
  <testcase classname="com.belteshazzar.jquery.JQueryTest" name="testMouseenter" time="0.306"/>
  <testcase classname="com.belteshazzar.jquery.JQueryTest" name="testMouseleave" time="0.304"/>
  <testcase classname="com.belteshazzar.jquery.JQueryTest" name="testAddJQuery" time="0.002"/>
  <testcase classname="com.belteshazzar.jquery.JQueryTest" name="testMouseout" time="0.305"/>
  <testcase classname="com.belteshazzar.jquery.JQueryTest" name="testFocusout" time="0.307"/>
  <testcase classname="com.belteshazzar.jquery.JQueryTest" name="testMouseup" time="0.304"/>
  <testcase classname="com.belteshazzar.jquery.JQueryTest" name="testWidthDouble" time="0.003"/>
  <testcase classname="com.belteshazzar.jquery.JQueryTest" name="test$HTMLObject" time="0.002"/>
  <testcase classname="com.belteshazzar.jquery.JQueryTest" name="testKeypress" time="0.305"/>
  <testcase classname="com.belteshazzar.jquery.JQueryTest" name="testMousedown" time="0.327"/>
  <testcase classname="com.belteshazzar.jquery.JQueryTest" name="testMousemove" time="0.305"/>
  <testcase classname="com.belteshazzar.jquery.JQueryTest" name="testMouseover" time="0.305"/>
  <testcase classname="com.belteshazzar.jquery.JQueryTest" name="testChange" time="0.306"/>
  <testcase classname="com.belteshazzar.jquery.JQueryTest" name="testCssPlainObject" time="0.002"/>
  <testcase classname="com.belteshazzar.jquery.JQueryTest" name="testDelegateStringStringObjEventHandler" time="0.504"/>
  <testcase classname="com.belteshazzar.jquery.JQueryTest" name="testCssStringString" time="0.003"/>
  <testcase classname="com.belteshazzar.jquery.JQueryTest" name="test$VoidFunction" time="0.102"/>
  <testcase classname="com.belteshazzar.jquery.JQueryTest" name="testAddSelectorString" time="0.001"/>
  <testcase classname="com.belteshazzar.jquery.JQueryTest" name="test$HTMLElementArray" time="0.002"/>
  <testcase classname="com.belteshazzar.jquery.JQueryTest" name="test$JQuery" time="0.001"/>
  <testcase classname="com.belteshazzar.jquery.JQueryTest" name="testAnimatePlainObjectIntVoidFunction" time="0.506"/>
  <testcase classname="com.belteshazzar.jquery.JQueryTest" name="testCssStringIntStringStringFunction" time="0.004"/>
  <testcase classname="com.belteshazzar.jquery.JQueryTest" name="testRemoveClassIntStringStringFunction" time="0.004"/>
</testsuite>